[0122/090543.764:ERROR:directory_reader_win.cc(43)] FindFirstFile: The system cannot find the path specified. (0x3)
[0122/131002.236:ERROR:directory_reader_win.cc(43)] FindFirstFile: The system cannot find the path specified. (0x3)
[0122/161029.476:ERROR:directory_reader_win.cc(43)] FindFirstFile: The system cannot find the path specified. (0x3)
[0123/184811.927:ERROR:directory_reader_win.cc(43)] FindFirstFile: The system cannot find the path specified. (0x3)
[0123/211755.522:ERROR:directory_reader_win.cc(43)] FindFirstFile: The system cannot find the path specified. (0x3)
[0123/215319.899:ERROR:directory_reader_win.cc(43)] FindFirstFile: The system cannot find the path specified. (0x3)
[0124/072103.864:ERROR:directory_reader_win.cc(43)] FindFirstFile: The system cannot find the path specified. (0x3)
[0124/084222.727:ERROR:directory_reader_win.cc(43)] FindFirstFile: The system cannot find the path specified. (0x3)
[0124/102017.036:ERROR:process_info.cc(359)] UncheckedAllocate
[0124/102017.105:ERROR:filesystem_win.cc(129)] GetFileAttributes C:\Users\Asus\AppData\Local\Temp\flutter_tools.e10a23c7\flutter_tools_chrome_device.6c3c78d7\Crashpad\attachments\5c52b309-9cca-4873-8f35-5415fbabd61b: The system cannot find the path specified. (0x3)
[0124/104016.137:ERROR:process_info.cc(359)] UncheckedAllocate
[0124/105117.257:ERROR:filesystem_win.cc(148)] DeleteFile C:\Users\Asus\AppData\Local\Temp\flutter_tools.e10a23c7\flutter_tools_chrome_device.6c3c78d7\Crashpad\reports\1fc765f0-706d-4d26-b644-636a6f9ad23c.dmp: The process cannot access the file because it is being used by another process. (0x20)
[0124/112506.398:ERROR:filesystem_win.cc(129)] GetFileAttributes C:\Users\Asus\AppData\Local\Temp\flutter_tools.58d68e97\flutter_tools_chrome_device.d5789d9b\Crashpad\attachments\63ac9d8e-f28c-457c-9f5c-997fa5dd3f2a: The system cannot find the path specified. (0x3)
[0124/113458.987:ERROR:directory_reader_win.cc(43)] FindFirstFile: The system cannot find the path specified. (0x3)
[0124/121812.927:ERROR:process_info.cc(359)] UncheckedAllocate
[0124/121823.245:ERROR:process_info.cc(359)] UncheckedAllocate
[0124/122142.066:ERROR:process_info.cc(359)] UncheckedAllocate
[0124/122142.073:ERROR:file_io.cc(135)] WriteFile: There is not enough space on the disk. (0x70)
[0124/122142.074:ERROR:crash_report_exception_handler.cc(113)] WriteEverything failed
[0124/122142.074:ERROR:filesystem_win.cc(148)] DeleteFile C:\Users\Asus\AppData\Local\Temp\flutter_tools.58d68e97\flutter_tools_chrome_device.d5789d9b\Crashpad\reports\3bbe49c6-8283-4c00-a772-b4f19f1dcea2.dmp: The process cannot access the file because it is being used by another process. (0x20)
[0124/123931.113:ERROR:process_info.cc(359)] UncheckedAllocate
[0124/123931.122:ERROR:file_io.cc(135)] WriteFile: There is not enough space on the disk. (0x70)
[0124/123931.122:ERROR:crash_report_exception_handler.cc(113)] WriteEverything failed
[0124/123931.123:ERROR:filesystem_win.cc(148)] DeleteFile C:\Users\Asus\AppData\Local\Temp\flutter_tools.58d68e97\flutter_tools_chrome_device.d5789d9b\Crashpad\reports\ec8b7fcc-1c08-4dbc-a572-098d67af33bf.dmp: The process cannot access the file because it is being used by another process. (0x20)
[0124/124035.786:ERROR:process_info.cc(359)] UncheckedAllocate
[0124/124035.820:ERROR:filesystem_win.cc(129)] GetFileAttributes C:\Users\Asus\AppData\Local\Temp\flutter_tools.58d68e97\flutter_tools_chrome_device.d5789d9b\Crashpad\attachments\675516a9-18fe-4aeb-8bdf-39b13edd0024: The system cannot find the path specified. (0x3)
[0125/070236.639:ERROR:directory_reader_win.cc(43)] FindFirstFile: The system cannot find the path specified. (0x3)
[0125/072235.337:ERROR:directory_reader_win.cc(43)] FindFirstFile: The system cannot find the path specified. (0x3)
[0125/075105.599:ERROR:directory_reader_win.cc(43)] FindFirstFile: The system cannot find the path specified. (0x3)
[0125/080921.047:ERROR:directory_reader_win.cc(43)] FindFirstFile: The system cannot find the path specified. (0x3)
[0126/071824.742:ERROR:directory_reader_win.cc(43)] FindFirstFile: The system cannot find the path specified. (0x3)
[0126/080006.444:ERROR:directory_reader_win.cc(43)] FindFirstFile: The system cannot find the path specified. (0x3)
[0126/083226.630:ERROR:directory_reader_win.cc(43)] FindFirstFile: The system cannot find the path specified. (0x3)
[0126/084749.728:ERROR:directory_reader_win.cc(43)] FindFirstFile: The system cannot find the path specified. (0x3)
[0126/092205.310:ERROR:process_info.cc(359)] UncheckedAllocate
[0126/225922.106:ERROR:directory_reader_win.cc(43)] FindFirstFile: The system cannot find the path specified. (0x3)
[0127/094207.085:ERROR:directory_reader_win.cc(43)] FindFirstFile: The system cannot find the path specified. (0x3)
